<?xml version="1.0" encoding="UTF-8"?>
<!-- Generated by org.testng.reporters.JUnitReportReporter -->
<testsuite hostname="DESKTOP-6FMP7LF" name="Test.Test2" tests="1" failures="0" timestamp="15 Jun 2019 07:48:03 GMT" time="84.204" errors="0">
  <testcase name="apiTest" time="84.204" classname="Test.Test2"/>
</testsuite> <!-- Test.Test2 -->
