<?xml version="1.0" encoding="UTF-8"?>
<!-- Generated by org.testng.reporters.JUnitReportReporter -->
<testsuite hostname="DESKTOP-6FMP7LF" name="Test.Test1" tests="1" failures="0" timestamp="15 Jun 2019 06:08:04 GMT" time="15.435" errors="0">
  <testcase name="converts_temperature" time="15.435" classname="Test.Test1"/>
</testsuite> <!-- Test.Test1 -->
